Log file open, 11/18/21 11:47:25
LogWindows: Failed to load 'aqProf.dll' (GetLastError=126)
LogWindows: File 'aqProf.dll' does not exist
LogWindows: Failed to load 'VtuneApi.dll' (GetLastError=126)
LogWindows: File 'VtuneApi.dll' does not exist
LogWindows: Failed to load 'VtuneApi32e.dll' (GetLastError=126)
LogWindows: File 'VtuneApi32e.dll' does not exist
LogConsoleResponse: Display: Failed to find resolution value strings in scalability ini. Falling back to default.
LogConsoleResponse: Display: Failed to find resolution value strings in scalability ini. Falling back to default.
LogInit: Display: Running engine for game: UnrealRepo
LogPlatformFile: Not using cached read wrapper
LogTaskGraph: Started task graph with 5 named threads and 14 total threads with 3 sets of task threads.
LogStats: Stats thread started at 1.356818
LogICUInternationalization: ICU TimeZone Detection - Raw Offset: -5:00, Platform Override: ''
LogInit: Display: Loading text-based GConfig....
LogPluginManager: Mounting plugin MegascansPlugin
LogPluginManager: Mounting plugin MeshPainting
LogPluginManager: Mounting plugin XGEController
LogPluginManager: Mounting plugin Paper2D
LogPluginManager: Mounting plugin AISupport
LogPluginManager: Mounting plugin EnvironmentQueryEditor
LogPluginManager: Mounting plugin LiveLink
LogPluginManager: Mounting plugin LightPropagationVolume
LogPluginManager: Mounting plugin CameraShakePreviewer
LogPluginManager: Mounting plugin GameplayCameras
LogPluginManager: Mounting plugin OodleData
LogPluginManager: Mounting plugin AnimationSharing
LogPluginManager: Mounting plugin OodleNetwork
LogPluginManager: Mounting plugin CodeLiteSourceCodeAccess
LogPluginManager: Mounting plugin GitSourceControl
LogPluginManager: Mounting plugin KDevelopSourceCodeAccess
LogPluginManager: Mounting plugin NullSourceCodeAccess
LogPluginManager: Mounting plugin CLionSourceCodeAccess
LogPluginManager: Mounting plugin PerforceSourceControl
LogPluginManager: Mounting plugin PixWinPlugin
LogPluginManager: Mounting plugin PlasticSourceControl
LogPluginManager: Mounting plugin PluginUtils
LogPluginManager: Mounting plugin PropertyAccessNode
LogPluginManager: Mounting plugin RiderSourceCodeAccess
LogPluginManager: Mounting plugin SubversionSourceControl
LogPluginManager: Mounting plugin TextureFormatOodle
LogPluginManager: Mounting plugin UObjectPlugin
LogPluginManager: Mounting plugin VisualStudioCodeSourceCodeAccess
LogPluginManager: Mounting plugin VisualStudioSourceCodeAccess
LogPluginManager: Mounting plugin XCodeSourceCodeAccess
LogPluginManager: Mounting plugin AssetManagerEditor
LogPluginManager: Mounting plugin CryptoKeys
LogPluginManager: Mounting plugin CurveEditorTools
LogPluginManager: Mounting plugin EditorScriptingUtilities
LogPluginManager: Mounting plugin DataValidation
LogPluginManager: Mounting plugin FacialAnimation
LogPluginManager: Mounting plugin GameplayTagsEditor
LogPluginManager: Mounting plugin GeometryMode
LogPluginManager: Mounting plugin MaterialAnalyzer
LogPluginManager: Mounting plugin MacGraphicsSwitching
LogPluginManager: Mounting plugin MobileLauncherProfileWizard
LogPluginManager: Mounting plugin PluginBrowser
LogPluginManager: Mounting plugin SpeedTreeImporter
LogPluginManager: Mounting plugin DatasmithContent
LogPluginManager: Mounting plugin VariantManagerContent
LogPluginManager: Mounting plugin AlembicImporter
LogPluginManager: Mounting plugin AutomationUtils
LogPluginManager: Mounting plugin BackChannel
LogPluginManager: Mounting plugin ChaosCloth
LogPluginManager: Mounting plugin ChaosClothEditor
LogPluginManager: Mounting plugin ChaosEditor
LogPluginManager: Mounting plugin ChaosSolverPlugin
LogPluginManager: Mounting plugin ChaosNiagara
LogPluginManager: Mounting plugin CharacterAI
LogPluginManager: Mounting plugin GeometryCache
LogPluginManager: Mounting plugin GeometryCollectionPlugin
LogPluginManager: Mounting plugin GeometryProcessing
LogPluginManager: Mounting plugin MotoSynth
LogPluginManager: Mounting plugin OpenImageDenoise
LogPluginManager: Mounting plugin PlanarCut
LogPluginManager: Mounting plugin PlatformCrypto
LogPluginManager: Mounting plugin ProxyLODPlugin
LogPluginManager: Mounting plugin PythonScriptPlugin
LogPluginManager: Mounting plugin SkeletalReduction
LogPluginManager: Mounting plugin Niagara
LogPluginManager: Mounting plugin LuminPlatformFeatures
LogPluginManager: Mounting plugin MagicLeap
LogPluginManager: Mounting plugin MagicLeapLightEstimation
LogPluginManager: Mounting plugin MagicLeapMedia
LogPluginManager: Mounting plugin MagicLeapPassableWorld
LogPluginManager: Mounting plugin MLSDK
LogPluginManager: Mounting plugin AndroidMedia
LogPluginManager: Mounting plugin AvfMedia
LogPluginManager: Mounting plugin ImgMedia
LogPluginManager: Mounting plugin MediaCompositing
LogPluginManager: Mounting plugin MediaPlayerEditor
LogPluginManager: Mounting plugin WebMMedia
LogPluginManager: Mounting plugin WmfMedia
LogPluginManager: Mounting plugin TcpMessaging
LogPluginManager: Mounting plugin UdpMessaging
LogPluginManager: Mounting plugin OnlineSubsystem
LogPluginManager: Mounting plugin OnlineSubsystemNull
LogPluginManager: Mounting plugin OnlineSubsystemUtils
LogPluginManager: Mounting plugin ActorSequence
LogPluginManager: Mounting plugin LevelSequenceEditor
LogPluginManager: Mounting plugin MatineeToLevelSequence
LogPluginManager: Mounting plugin TemplateSequence
LogPluginManager: Mounting plugin LauncherChunkInstaller
LogPluginManager: Mounting plugin ActorLayerUtilities
LogPluginManager: Mounting plugin AndroidDeviceProfileSelector
LogPluginManager: Mounting plugin AndroidMoviePlayer
LogPluginManager: Mounting plugin AndroidPermission
LogPluginManager: Mounting plugin AppleImageUtils
LogPluginManager: Mounting plugin AppleMoviePlayer
LogPluginManager: Mounting plugin ArchVisCharacter
LogPluginManager: Mounting plugin AssetTags
LogPluginManager: Mounting plugin AudioCapture
LogPluginManager: Mounting plugin AudioSynesthesia
LogPluginManager: Mounting plugin CableComponent
LogPluginManager: Mounting plugin ChunkDownloader
LogPluginManager: Mounting plugin CustomMeshComponent
LogPluginManager: Mounting plugin EditableMesh
LogPluginManager: Mounting plugin ExampleDeviceProfileSelector
LogPluginManager: Mounting plugin GoogleCloudMessaging
LogPluginManager: Mounting plugin GooglePAD
LogPluginManager: Mounting plugin IOSDeviceProfileSelector
LogPluginManager: Mounting plugin LinuxDeviceProfileSelector
LogPluginManager: Mounting plugin LocationServicesBPLibrary
LogPluginManager: Mounting plugin MobilePatchingUtils
LogPluginManager: Mounting plugin OpenXR
LogPluginManager: Mounting plugin OpenXREyeTracker
LogPluginManager: Mounting plugin OpenXRHandTracking
LogPluginManager: Mounting plugin PhysXVehicles
LogPluginManager: Mounting plugin PostSplashScreen
LogPluginManager: Mounting plugin ProceduralMeshComponent
LogPluginManager: Mounting plugin PropertyAccessEditor
LogPluginManager: Mounting plugin RuntimePhysXCooking
LogPluginManager: Mounting plugin SignificanceManager
LogPluginManager: Mounting plugin SoundFields
LogPluginManager: Mounting plugin Synthesis
LogPluginManager: Mounting plugin WebMMoviePlayer
LogPluginManager: Mounting plugin WindowsMoviePlayer
LogPluginManager: Mounting plugin ScreenshotTools
LogPluginManager: Mounting plugin Takes
LogPluginManager: Mounting plugin ContentBrowserAssetDataSource
LogPluginManager: Mounting plugin ContentBrowserClassDataSource
LogPluginManager: Mounting plugin ContentBrowserFileDataSource
LogPluginManager: Mounting plugin OnlineSubsystemGooglePlay
LogPluginManager: Mounting plugin OnlineSubsystemIOS
LogPluginManager: Mounting plugin DatabaseSupport
LogPluginManager: Mounting plugin SQLiteCore
LogPluginManager: Mounting plugin SQLiteSupport
LogPluginManager: Mounting plugin OculusVR
LogPluginManager: Mounting plugin SteamVR
PixWinPlugin: PIX capture plugin failed to initialize! Check that the process is launched from PIX.
LogInit: Using libcurl 7.55.1-DEV
LogInit:  - built for x86_64-pc-win32
LogInit:  - supports SSL with OpenSSL/1.1.1
LogInit:  - supports HTTP deflate (compression) using libz 1.2.8
LogInit:  - other features:
LogInit:      CURL_VERSION_SSL
LogInit:      CURL_VERSION_LIBZ
LogInit:      CURL_VERSION_IPV6
LogInit:      CURL_VERSION_ASYNCHDNS
LogInit:      CURL_VERSION_LARGEFILE
LogInit:      CURL_VERSION_IDN
LogInit:  CurlRequestOptions (configurable via config and command line):
LogInit:  - bVerifyPeer = true  - Libcurl will verify peer certificate
LogInit:  - bUseHttpProxy = false  - Libcurl will NOT use HTTP proxy
LogInit:  - bDontReuseConnections = false  - Libcurl will reuse connections
LogInit:  - MaxHostConnections = 16  - Libcurl will limit the number of connections to a host
LogInit:  - LocalHostAddr = Default
LogInit:  - BufferSize = 65536
LogOnline: OSS: Creating online subsystem instance for: NULL
LogInit: WinSock: version 1.1 (2.2), MaxSocks=32767, MaxUdp=65467
LogOnline: OSS: TryLoadSubsystemAndSetDefault: Loaded subsystem for module [NULL]
LogOculusPluginWrapper: OculusPlugin initialized successfully
LogHMD: Failed initializing OVRPlugin 1.59.0
LogInit: Build: ++UE4+Release-4.27-CL-17155196
LogInit: Engine Version: 4.27.0-17155196+++UE4+Release-4.27
LogInit: Compatible Engine Version: 4.27.0-17155196+++UE4+Release-4.27
LogInit: Net CL: 17155196
LogInit: OS: Windows 10 (Release 2009) (), CPU: Intel(R) Core(TM) i5-6600K CPU @ 3.50GHz, GPU: DisplayLink USB Device
LogInit: Compiled (64-bit): Aug 13 2021 06:13:13
LogInit: Compiled with Visual C++: 19.24.28315.00
LogInit: Build Configuration: Development
LogInit: Branch Name: ++UE4+Release-4.27
LogInit: Command Line:  -EpicPortal -epicusername=Yelsub -epicuserid=87b2aefebd9f423b9c6dd791a960d474 -epiclocale=en -epicsandboxid=ue
LogInit: Base Directory: D:/Epic Games/UE_4.27/Engine/Binaries/Win64/
LogInit: Allocator: TBB
LogInit: Installed Engine Build: 1
LogDevObjectVersion: Number of dev versions registered: 29
LogDevObjectVersion:   Dev-Blueprints (B0D832E4-1F89-4F0D-ACCF-7EB736FD4AA2): 10
LogDevObjectVersion:   Dev-Build (E1C64328-A22C-4D53-A36C-8E866417BD8C): 0
LogDevObjectVersion:   Dev-Core (375EC13C-06E4-48FB-B500-84F0262A717E): 4
LogDevObjectVersion:   Dev-Editor (E4B068ED-F494-42E9-A231-DA0B2E46BB41): 40
LogDevObjectVersion:   Dev-Framework (CFFC743F-43B0-4480-9391-14DF171D2073): 37
LogDevObjectVersion:   Dev-Mobile (B02B49B5-BB20-44E9-A304-32B752E40360): 3
LogDevObjectVersion:   Dev-Networking (A4E4105C-59A1-49B5-A7C5-40C4547EDFEE): 0
LogDevObjectVersion:   Dev-Online (39C831C9-5AE6-47DC-9A44-9C173E1C8E7C): 0
LogDevObjectVersion:   Dev-Physics (78F01B33-EBEA-4F98-B9B4-84EACCB95AA2): 14
LogDevObjectVersion:   Dev-Platform (6631380F-2D4D-43E0-8009-CF276956A95A): 0
LogDevObjectVersion:   Dev-Rendering (12F88B9F-8875-4AFC-A67C-D90C383ABD29): 45
LogDevObjectVersion:   Dev-Sequencer (7B5AE74C-D270-4C10-A958-57980B212A5A): 13
LogDevObjectVersion:   Dev-VR (D7296918-1DD6-4BDD-9DE2-64A83CC13884): 3
LogDevObjectVersion:   Dev-LoadTimes (C2A15278-BFE7-4AFE-6C17-90FF531DF755): 1
LogDevObjectVersion:   Private-Geometry (6EACA3D4-40EC-4CC1-B786-8BED09428FC5): 3
LogDevObjectVersion:   Dev-AnimPhys (29E575DD-E0A3-4627-9D10-D276232CDCEA): 17
LogDevObjectVersion:   Dev-Anim (AF43A65D-7FD3-4947-9873-3E8ED9C1BB05): 15
LogDevObjectVersion:   Dev-ReflectionCapture (6B266CEC-1EC7-4B8F-A30B-E4D90942FC07): 1
LogDevObjectVersion:   Dev-Automation (0DF73D61-A23F-47EA-B727-89E90C41499A): 1
LogDevObjectVersion:   FortniteMain (601D1886-AC64-4F84-AA16-D3DE0DEAC7D6): 47
LogDevObjectVersion:   FortniteRelease (E7086368-6B23-4C58-8439-1B7016265E91): 1
LogDevObjectVersion:   Dev-Enterprise (9DFFBCD6-494F-0158-E221-12823C92A888): 10
LogDevObjectVersion:   Dev-Niagara (F2AED0AC-9AFE-416F-8664-AA7FFA26D6FC): 1
LogDevObjectVersion:   Dev-Destruction (174F1F0B-B4C6-45A5-B13F-2EE8D0FB917D): 10
LogDevObjectVersion:   Dev-Physics-Ext (35F94A83-E258-406C-A318-09F59610247C): 41
LogDevObjectVersion:   Dev-PhysicsMaterial-Chaos (B68FC16E-8B1B-42E2-B453-215C058844FE): 1
LogDevObjectVersion:   Dev-CineCamera (B2E18506-4273-CFC2-A54E-F4BB758BBA07): 1
LogDevObjectVersion:   Dev-VirtualProduction (64F58936-FD1B-42BA-BA96-7289D5D0FA4E): 1
LogDevObjectVersion:   Dev-MediaFramework (6F0ED827-A609-4895-9C91-998D90180EA4): 2
LogInit: Presizing for max 25165824 objects, including 0 objects not considered by GC, pre-allocating 0 bytes for permanent pool.
LogConfig: Applying CVar settings from Section [/Script/Engine.StreamingSettings] File [D:/College/PrototypeStudio_Unreal/Saved/Config/Windows/Engine.ini]
LogConfig: Setting CVar [[s.MinBulkDataSizeForAsyncLoading:131072]]
LogConfig: Setting CVar [[s.AsyncLoadingThreadEnabled:0]]
LogConfig: Setting CVar [[s.EventDrivenLoaderEnabled:1]]
LogConfig: Setting CVar [[s.WarnIfTimeLimitExceeded:0]]
LogConfig: Setting CVar [[s.TimeLimitExceededMultiplier:1.5]]
LogConfig: Setting CVar [[s.TimeLimitExceededMinTime:0.005]]
LogConfig: Setting CVar [[s.UseBackgroundLevelStreaming:1]]
LogConfig: Setting CVar [[s.PriorityAsyncLoadingExtraTime:15.0]]
LogConfig: Setting CVar [[s.LevelStreamingActorsUpdateTimeLimit:5.0]]
LogConfig: Setting CVar [[s.PriorityLevelStreamingActorsUpdateExtraTime:5.0]]
LogConfig: Setting CVar [[s.LevelStreamingComponentsRegistrationGranularity:10]]
LogConfig: Setting CVar [[s.UnregisterComponentsTimeLimit:1.0]]
LogConfig: Setting CVar [[s.LevelStreamingComponentsUnregistrationGranularity:5]]
LogConfig: Setting CVar [[s.FlushStreamingOnExit:1]]
LogInit: Object subsystem initialized
LogConfig: Setting CVar [[con.DebugEarlyDefault:1]]
LogConfig: Setting CVar [[r.setres:1280x720]]
[2021.11.18-16.47.32:216][  0]LogConfig: Setting CVar [[r.VSync:0]]
[2021.11.18-16.47.32:216][  0]LogConfig: Setting CVar [[r.RHICmdBypass:0]]
[2021.11.18-16.47.32:216][  0]LogConfig: Applying CVar settings from Section [/Script/Engine.RendererSettings] File [D:/College/PrototypeStudio_Unreal/Saved/Config/Windows/Engine.ini]
[2021.11.18-16.47.32:216][  0]LogConfig: Setting CVar [[r.GPUCrashDebugging:0]]
[2021.11.18-16.47.32:216][  0]LogConfig: Applying CVar settings from Section [/Script/Engine.RendererOverrideSettings] File [D:/College/PrototypeStudio_Unreal/Saved/Config/Windows/Engine.ini]
[2021.11.18-16.47.32:216][  0]LogConfig: Applying CVar settings from Section [/Script/Engine.StreamingSettings] File [D:/College/PrototypeStudio_Unreal/Saved/Config/Windows/Engine.ini]
[2021.11.18-16.47.32:216][  0]LogConfig: Setting CVar [[s.MinBulkDataSizeForAsyncLoading:131072]]
[2021.11.18-16.47.32:216][  0]LogConfig: Setting CVar [[s.AsyncLoadingThreadEnabled:0]]
[2021.11.18-16.47.32:216][  0]LogConfig: Setting CVar [[s.EventDrivenLoaderEnabled:1]]
[2021.11.18-16.47.32:216][  0]LogConfig: Setting CVar [[s.WarnIfTimeLimitExceeded:0]]
[2021.11.18-16.47.32:216][  0]LogConfig: Setting CVar [[s.TimeLimitExceededMultiplier:1.5]]
[2021.11.18-16.47.32:216][  0]LogConfig: Setting CVar [[s.TimeLimitExceededMinTime:0.005]]
[2021.11.18-16.47.32:216][  0]LogConfig: Setting CVar [[s.UseBackgroundLevelStreaming:1]]
[2021.11.18-16.47.32:216][  0]LogConfig: Setting CVar [[s.PriorityAsyncLoadingExtraTime:15.0]]
[2021.11.18-16.47.32:216][  0]LogConfig: Setting CVar [[s.LevelStreamingActorsUpdateTimeLimit:5.0]]
[2021.11.18-16.47.32:216][  0]LogConfig: Setting CVar [[s.PriorityLevelStreamingActorsUpdateExtraTime:5.0]]
[2021.11.18-16.47.32:216][  0]LogConfig: Setting CVar [[s.LevelStreamingComponentsRegistrationGranularity:10]]
[2021.11.18-16.47.32:216][  0]LogConfig: Setting CVar [[s.UnregisterComponentsTimeLimit:1.0]]
[2021.11.18-16.47.32:216][  0]LogConfig: Setting CVar [[s.LevelStreamingComponentsUnregistrationGranularity:5]]
[2021.11.18-16.47.32:216][  0]LogConfig: Setting CVar [[s.FlushStreamingOnExit:1]]
[2021.11.18-16.47.32:216][  0]LogConfig: Applying CVar settings from Section [/Script/Engine.GarbageCollectionSettings] File [D:/College/PrototypeStudio_Unreal/Saved/Config/Windows/Engine.ini]
[2021.11.18-16.47.32:216][  0]LogConfig: Setting CVar [[gc.MaxObjectsNotConsideredByGC:1]]
[2021.11.18-16.47.32:216][  0]LogConfig: Setting CVar [[gc.SizeOfPermanentObjectPool:0]]
[2021.11.18-16.47.32:216][  0]LogConfig: Setting CVar [[gc.FlushStreamingOnGC:0]]
[2021.11.18-16.47.32:216][  0]LogConfig: Setting CVar [[gc.NumRetriesBeforeForcingGC:10]]
[2021.11.18-16.47.32:216][  0]LogConfig: Setting CVar [[gc.AllowParallelGC:1]]
[2021.11.18-16.47.32:216][  0]LogConfig: Setting CVar [[gc.TimeBetweenPurgingPendingKillObjects:61.1]]
[2021.11.18-16.47.32:216][  0]LogConfig: Setting CVar [[gc.MaxObjectsInEditor:25165824]]
[2021.11.18-16.47.32:216][  0]LogConfig: Setting CVar [[gc.IncrementalBeginDestroyEnabled:1]]
[2021.11.18-16.47.32:216][  0]LogConfig: Setting CVar [[gc.CreateGCClusters:1]]
[2021.11.18-16.47.32:216][  0]LogConfig: Setting CVar [[gc.MinGCClusterSize:5]]
[2021.11.18-16.47.32:216][  0]LogConfig: Setting CVar [[gc.ActorClusteringEnabled:0]]
[2021.11.18-16.47.32:216][  0]LogConfig: Setting CVar [[gc.BlueprintClusteringEnabled:0]]
[2021.11.18-16.47.32:216][  0]LogConfig: Setting CVar [[gc.UseDisregardForGCOnDedicatedServers:0]]
[2021.11.18-16.47.32:216][  0]LogConfig: Setting CVar [[gc.MultithreadedDestructionEnabled:1]]
[2021.11.18-16.47.32:216][  0]LogConfig: Applying CVar settings from Section [/Script/Engine.NetworkSettings] File [D:/College/PrototypeStudio_Unreal/Saved/Config/Windows/Engine.ini]
[2021.11.18-16.47.32:216][  0]LogConfig: Applying CVar settings from Section [/Script/UnrealEd.CookerSettings] File [D:/College/PrototypeStudio_Unreal/Saved/Config/Windows/Engine.ini]
[2021.11.18-16.47.32:227][  0]LogConfig: Applying CVar settings from Section [ViewDistanceQuality@3] File [D:/College/PrototypeStudio_Unreal/Saved/Config/Windows/Scalability.ini]
[2021.11.18-16.47.32:227][  0]LogConfig: Setting CVar [[r.SkeletalMeshLODBias:0]]
[2021.11.18-16.47.32:227][  0]LogConfig: Setting CVar [[r.ViewDistanceScale:1.0]]
[2021.11.18-16.47.32:227][  0]LogConfig: Applying CVar settings from Section [AntiAliasingQuality@3] File [D:/College/PrototypeStudio_Unreal/Saved/Config/Windows/Scalability.ini]
[2021.11.18-16.47.32:227][  0]LogConfig: Setting CVar [[r.PostProcessAAQuality:4]]
[2021.11.18-16.47.32:227][  0]LogConfig: Applying CVar settings from Section [ShadowQuality@3] File [D:/College/PrototypeStudio_Unreal/Saved/Config/Windows/Scalability.ini]
[2021.11.18-16.47.32:227][  0]LogConfig: Setting CVar [[r.LightFunctionQuality:1]]
[2021.11.18-16.47.32:227][  0]LogConfig: Setting CVar [[r.ShadowQuality:5]]
[2021.11.18-16.47.32:227][  0]LogConfig: Setting CVar [[r.Shadow.CSM.MaxCascades:10]]
[2021.11.18-16.47.32:227][  0]LogConfig: Setting CVar [[r.Shadow.MaxResolution:2048]]
[2021.11.18-16.47.32:227][  0]LogConfig: Setting CVar [[r.Shadow.MaxCSMResolution:2048]]
[2021.11.18-16.47.32:227][  0]LogConfig: Setting CVar [[r.Shadow.RadiusThreshold:0.01]]
[2021.11.18-16.47.32:227][  0]LogConfig: Setting CVar [[r.Shadow.DistanceScale:1.0]]
[2021.11.18-16.47.32:227][  0]LogConfig: Setting CVar [[r.Shadow.CSM.TransitionScale:1.0]]
[2021.11.18-16.47.32:227][  0]LogConfig: Setting CVar [[r.Shadow.PreShadowResolutionFactor:1.0]]
[2021.11.18-16.47.32:227][  0]LogConfig: Setting CVar [[r.DistanceFieldShadowing:1]]
[2021.11.18-16.47.32:227][  0]LogConfig: Setting CVar [[r.DistanceFieldAO:1]]
[2021.11.18-16.47.32:227][  0]LogConfig: Setting CVar [[r.AOQuality:2]]
[2021.11.18-16.47.32:227][  0]LogConfig: Setting CVar [[r.VolumetricFog:1]]
[2021.11.18-16.47.32:227][  0]LogConfig: Setting CVar [[r.VolumetricFog.GridPixelSize:8]]
[2021.11.18-16.47.32:227][  0]LogConfig: Setting CVar [[r.VolumetricFog.GridSizeZ:128]]
[2021.11.18-16.47.32:227][  0]LogConfig: Setting CVar [[r.VolumetricFog.HistoryMissSupersampleCount:4]]
[2021.11.18-16.47.32:227][  0]LogConfig: Setting CVar [[r.LightMaxDrawDistanceScale:1]]
[2021.11.18-16.47.32:227][  0]LogConfig: Setting CVar [[r.CapsuleShadows:1]]
[2021.11.18-16.47.32:227][  0]LogConfig: Applying CVar settings from Section [PostProcessQuality@3] File [D:/College/PrototypeStudio_Unreal/Saved/Config/Windows/Scalability.ini]
[2021.11.18-16.47.32:227][  0]LogConfig: Setting CVar [[r.MotionBlurQuality:4]]
[2021.11.18-16.47.32:227][  0]LogConfig: Setting CVar [[r.AmbientOcclusionMipLevelFactor:0.4]]
[2021.11.18-16.47.32:227][  0]LogConfig: Setting CVar [[r.AmbientOcclusionMaxQuality:100]]
[2021.11.18-16.47.32:227][  0]LogConfig: Setting CVar [[r.AmbientOcclusionLevels:-1]]
[2021.11.18-16.47.32:227][  0]LogConfig: Setting CVar [[r.AmbientOcclusionRadiusScale:1.0]]
[2021.11.18-16.47.32:227][  0]LogConfig: Setting CVar [[r.DepthOfFieldQuality:2]]
[2021.11.18-16.47.32:227][  0]LogConfig: Setting CVar [[r.RenderTargetPoolMin:400]]
[2021.11.18-16.47.32:228][  0]LogConfig: Setting CVar [[r.LensFlareQuality:2]]
[2021.11.18-16.47.32:228][  0]LogConfig: Setting CVar [[r.SceneColorFringeQuality:1]]
[2021.11.18-16.47.32:228][  0]LogConfig: Setting CVar [[r.EyeAdaptationQuality:2]]
[2021.11.18-16.47.32:228][  0]LogConfig: Setting CVar [[r.BloomQuality:5]]
[2021.11.18-16.47.32:228][  0]LogConfig: Setting CVar [[r.FastBlurThreshold:100]]
[2021.11.18-16.47.32:228][  0]LogConfig: Setting CVar [[r.Upscale.Quality:3]]
[2021.11.18-16.47.32:228][  0]LogConfig: Setting CVar [[r.Tonemapper.GrainQuantization:1]]
[2021.11.18-16.47.32:228][  0]LogConfig: Setting CVar [[r.LightShaftQuality:1]]
[2021.11.18-16.47.32:228][  0]LogConfig: Setting CVar [[r.Filter.SizeScale:1]]
[2021.11.18-16.47.32:228][  0]LogConfig: Setting CVar [[r.Tonemapper.Quality:5]]
[2021.11.18-16.47.32:228][  0]LogConfig: Setting CVar [[r.DOF.Gather.AccumulatorQuality:1        ; higher gathering accumulator quality]]
[2021.11.18-16.47.32:228][  0]LogConfig: Setting CVar [[r.DOF.Gather.PostfilterMethod:1          ; Median3x3 postfilering method]]
[2021.11.18-16.47.32:228][  0]LogConfig: Setting CVar [[r.DOF.Gather.EnableBokehSettings:0       ; no bokeh simulation when gathering]]
[2021.11.18-16.47.32:228][  0]LogConfig: Setting CVar [[r.DOF.Gather.RingCount:4                 ; medium number of samples when gathering]]
[2021.11.18-16.47.32:228][  0]LogConfig: Setting CVar [[r.DOF.Scatter.ForegroundCompositing:1    ; additive foreground scattering]]
[2021.11.18-16.47.32:228][  0]LogConfig: Setting CVar [[r.DOF.Scatter.BackgroundCompositing:2    ; additive background scattering]]
[2021.11.18-16.47.32:228][  0]LogConfig: Setting CVar [[r.DOF.Scatter.EnableBokehSettings:1      ; bokeh simulation when scattering]]
[2021.11.18-16.47.32:228][  0]LogConfig: Setting CVar [[r.DOF.Scatter.MaxSpriteRatio:0.1         ; only a maximum of 10% of scattered bokeh]]
[2021.11.18-16.47.32:228][  0]LogConfig: Setting CVar [[r.DOF.Recombine.Quality:1                ; cheap slight out of focus]]
[2021.11.18-16.47.32:228][  0]LogConfig: Setting CVar [[r.DOF.Recombine.EnableBokehSettings:0    ; no bokeh simulation on slight out of focus]]
[2021.11.18-16.47.32:228][  0]LogConfig: Setting CVar [[r.DOF.TemporalAAQuality:1                ; more stable temporal accumulation]]
[2021.11.18-16.47.32:228][  0]LogConfig: Setting CVar [[r.DOF.Kernel.MaxForegroundRadius:0.025]]
[2021.11.18-16.47.32:228][  0]LogConfig: Setting CVar [[r.DOF.Kernel.MaxBackgroundRadius:0.025]]
[2021.11.18-16.47.32:228][  0]LogConfig: Applying CVar settings from Section [TextureQuality@3] File [D:/College/PrototypeStudio_Unreal/Saved/Config/Windows/Scalability.ini]
[2021.11.18-16.47.32:228][  0]LogConfig: Setting CVar [[r.Streaming.MipBias:0]]
[2021.11.18-16.47.32:228][  0]LogConfig: Setting CVar [[r.Streaming.AmortizeCPUToGPUCopy:0]]
[2021.11.18-16.47.32:228][  0]LogConfig: Setting CVar [[r.Streaming.MaxNumTexturesToStreamPerFrame:0]]
[2021.11.18-16.47.32:228][  0]LogConfig: Setting CVar [[r.Streaming.Boost:1]]
[2021.11.18-16.47.32:228][  0]LogConfig: Setting CVar [[r.MaxAnisotropy:8]]
[2021.11.18-16.47.32:228][  0]LogConfig: Setting CVar [[r.VT.MaxAnisotropy:8]]
[2021.11.18-16.47.32:228][  0]LogConfig: Setting CVar [[r.Streaming.LimitPoolSizeToVRAM:0]]
[2021.11.18-16.47.32:228][  0]LogConfig: Setting CVar [[r.Streaming.PoolSize:1000]]
[2021.11.18-16.47.32:228][  0]LogConfig: Setting CVar [[r.Streaming.MaxEffectiveScreenSize:0]]
[2021.11.18-16.47.32:228][  0]LogConfig: Applying CVar settings from Section [EffectsQuality@3] File [D:/College/PrototypeStudio_Unreal/Saved/Config/Windows/Scalability.ini]
[2021.11.18-16.47.32:228][  0]LogConfig: Setting CVar [[r.TranslucencyLightingVolumeDim:64]]
[2021.11.18-16.47.32:228][  0]LogConfig: Setting CVar [[r.RefractionQuality:2]]
[2021.11.18-16.47.32:228][  0]LogConfig: Setting CVar [[r.SSR.Quality:3]]
[2021.11.18-16.47.32:228][  0]LogConfig: Setting CVar [[r.SSR.HalfResSceneColor:0]]
[2021.11.18-16.47.32:228][  0]LogConfig: Setting CVar [[r.SceneColorFormat:4]]
[2021.11.18-16.47.32:228][  0]LogConfig: Setting CVar [[r.DetailMode:2]]
[2021.11.18-16.47.32:228][  0]LogConfig: Setting CVar [[r.TranslucencyVolumeBlur:1]]
[2021.11.18-16.47.32:228][  0]LogConfig: Setting CVar [[r.MaterialQualityLevel:1 ; High quality]]
[2021.11.18-16.47.32:228][  0]LogConfig: Setting CVar [[r.AnisotropicMaterials:1]]
[2021.11.18-16.47.32:228][  0]LogConfig: Setting CVar [[r.SSS.Scale:1]]
[2021.11.18-16.47.32:228][  0]LogConfig: Setting CVar [[r.SSS.SampleSet:2]]
[2021.11.18-16.47.32:228][  0]LogConfig: Setting CVar [[r.SSS.Quality:1]]
[2021.11.18-16.47.32:228][  0]LogConfig: Setting CVar [[r.SSS.HalfRes:0]]
[2021.11.18-16.47.32:228][  0]LogConfig: Setting CVar [[r.SSGI.Quality:3]]
[2021.11.18-16.47.32:228][  0]LogConfig: Setting CVar [[r.EmitterSpawnRateScale:1.0]]
[2021.11.18-16.47.32:228][  0]LogConfig: Setting CVar [[r.ParticleLightQuality:2]]
[2021.11.18-16.47.32:228][  0]LogConfig: Setting CVar [[r.SkyAtmosphere.AerialPerspectiveLUT.FastApplyOnOpaque:1 ; Always have FastSkyLUT 1 in this case to avoid wrong sky]]
[2021.11.18-16.47.32:228][  0]LogConfig: Setting CVar [[r.SkyAtmosphere.AerialPerspectiveLUT.SampleCountMaxPerSlice:4]]
[2021.11.18-16.47.32:228][  0]LogConfig: Setting CVar [[r.SkyAtmosphere.AerialPerspectiveLUT.DepthResolution:16.0]]
[2021.11.18-16.47.32:228][  0]LogConfig: Setting CVar [[r.SkyAtmosphere.FastSkyLUT:1]]
[2021.11.18-16.47.32:229][  0]LogConfig: Setting CVar [[r.SkyAtmosphere.FastSkyLUT.SampleCountMin:4.0]]
[2021.11.18-16.47.32:229][  0]LogConfig: Setting CVar [[r.SkyAtmosphere.FastSkyLUT.SampleCountMax:128.0]]
[2021.11.18-16.47.32:229][  0]LogConfig: Setting CVar [[r.SkyAtmosphere.SampleCountMin:4.0]]
[2021.11.18-16.47.32:229][  0]LogConfig: Setting CVar [[r.SkyAtmosphere.SampleCountMax:128.0]]
[2021.11.18-16.47.32:229][  0]LogConfig: Setting CVar [[r.SkyAtmosphere.TransmittanceLUT.UseSmallFormat:0]]
[2021.11.18-16.47.32:229][  0]LogConfig: Setting CVar [[r.SkyAtmosphere.TransmittanceLUT.SampleCount:10.0]]
[2021.11.18-16.47.32:229][  0]LogConfig: Setting CVar [[r.SkyAtmosphere.MultiScatteringLUT.SampleCount:15.0]]
[2021.11.18-16.47.32:229][  0]LogConfig: Setting CVar [[r.SkyLight.RealTimeReflectionCapture:1]]
[2021.11.18-16.47.32:229][  0]LogConfig: Applying CVar settings from Section [FoliageQuality@3] File [D:/College/PrototypeStudio_Unreal/Saved/Config/Windows/Scalability.ini]
[2021.11.18-16.47.32:229][  0]LogConfig: Setting CVar [[foliage.DensityScale:1.0]]
[2021.11.18-16.47.32:229][  0]LogConfig: Setting CVar [[grass.DensityScale:1.0]]
[2021.11.18-16.47.32:229][  0]LogConfig: Applying CVar settings from Section [ShadingQuality@3] File [D:/College/PrototypeStudio_Unreal/Saved/Config/Windows/Scalability.ini]
[2021.11.18-16.47.32:229][  0]LogConfig: Setting CVar [[r.HairStrands.SkyLighting.IntegrationType:2]]
[2021.11.18-16.47.32:229][  0]LogConfig: Setting CVar [[r.HairStrands.SkyAO.SampleCount:4]]
[2021.11.18-16.47.32:229][  0]LogConfig: Setting CVar [[r.HairStrands.Visibility.MSAA.SamplePerPixel:4]]
[2021.11.18-16.47.32:229][  0]LogInit: Selected Device Profile: [Windows]
[2021.11.18-16.47.32:229][  0]LogInit: Applying CVar settings loaded from the selected device profile: [Windows]
[2021.11.18-16.47.32:229][  0]LogHAL: Display: Platform has ~ 16 GB [17109417984 / 17179869184 / 16], which maps to Larger [LargestMinGB=32, LargerMinGB=12, DefaultMinGB=8, SmallerMinGB=6, SmallestMinGB=0)
[2021.11.18-16.47.32:229][  0]LogInit: Going up to parent DeviceProfile []
[2021.11.18-16.47.32:229][  0]LogConfig: Applying CVar settings from Section [ViewDistanceQuality@3] File [D:/College/PrototypeStudio_Unreal/Saved/Config/Windows/Scalability.ini]
[2021.11.18-16.47.32:229][  0]LogConfig: Setting CVar [[r.SkeletalMeshLODBias:0]]
[2021.11.18-16.47.32:229][  0]LogConfig: Setting CVar [[r.ViewDistanceScale:1.0]]
[2021.11.18-16.47.32:229][  0]LogConfig: Applying CVar settings from Section [AntiAliasingQuality@3] File [D:/College/PrototypeStudio_Unreal/Saved/Config/Windows/Scalability.ini]
[2021.11.18-16.47.32:229][  0]LogConfig: Setting CVar [[r.PostProcessAAQuality:4]]
[2021.11.18-16.47.32:229][  0]LogConfig: Applying CVar settings from Section [ShadowQuality@3] File [D:/College/PrototypeStudio_Unreal/Saved/Config/Windows/Scalability.ini]
[2021.11.18-16.47.32:229][  0]LogConfig: Setting CVar [[r.LightFunctionQuality:1]]
[2021.11.18-16.47.32:229][  0]LogConfig: Setting CVar [[r.ShadowQuality:5]]
[2021.11.18-16.47.32:229][  0]LogConfig: Setting CVar [[r.Shadow.CSM.MaxCascades:10]]
[2021.11.18-16.47.32:229][  0]LogConfig: Setting CVar [[r.Shadow.MaxResolution:2048]]
[2021.11.18-16.47.32:229][  0]LogConfig: Setting CVar [[r.Shadow.MaxCSMResolution:2048]]
[2021.11.18-16.47.32:229][  0]LogConfig: Setting CVar [[r.Shadow.RadiusThreshold:0.01]]
[2021.11.18-16.47.32:229][  0]LogConfig: Setting CVar [[r.Shadow.DistanceScale:1.0]]
[2021.11.18-16.47.32:229][  0]LogConfig: Setting CVar [[r.Shadow.CSM.TransitionScale:1.0]]
[2021.11.18-16.47.32:229][  0]LogConfig: Setting CVar [[r.Shadow.PreShadowResolutionFactor:1.0]]
[2021.11.18-16.47.32:229][  0]LogConfig: Setting CVar [[r.DistanceFieldShadowing:1]]
[2021.11.18-16.47.32:229][  0]LogConfig: Setting CVar [[r.DistanceFieldAO:1]]
[2021.11.18-16.47.32:229][  0]LogConfig: Setting CVar [[r.AOQuality:2]]
[2021.11.18-16.47.32:229][  0]LogConfig: Setting CVar [[r.VolumetricFog:1]]
[2021.11.18-16.47.32:229][  0]LogConfig: Setting CVar [[r.VolumetricFog.GridPixelSize:8]]
[2021.11.18-16.47.32:229][  0]LogConfig: Setting CVar [[r.VolumetricFog.GridSizeZ:128]]
[2021.11.18-16.47.32:229][  0]LogConfig: Setting CVar [[r.VolumetricFog.HistoryMissSupersampleCount:4]]
[2021.11.18-16.47.32:229][  0]LogConfig: Setting CVar [[r.LightMaxDrawDistanceScale:1]]
[2021.11.18-16.47.32:229][  0]LogConfig: Setting CVar [[r.CapsuleShadows:1]]
[2021.11.18-16.47.32:229][  0]LogConfig: Applying CVar settings from Section [PostProcessQuality@3] File [D:/College/PrototypeStudio_Unreal/Saved/Config/Windows/Scalability.ini]
[2021.11.18-16.47.32:229][  0]LogConfig: Setting CVar [[r.MotionBlurQuality:4]]
[2021.11.18-16.47.32:229][  0]LogConfig: Setting CVar [[r.AmbientOcclusionMipLevelFactor:0.4]]
[2021.11.18-16.47.32:229][  0]LogConfig: Setting CVar [[r.AmbientOcclusionMaxQuality:100]]
[2021.11.18-16.47.32:230][  0]LogConfig: Setting CVar [[r.AmbientOcclusionLevels:-1]]
[2021.11.18-16.47.32:230][  0]LogConfig: Setting CVar [[r.AmbientOcclusionRadiusScale:1.0]]
[2021.11.18-16.47.32:230][  0]LogConfig: Setting CVar [[r.DepthOfFieldQuality:2]]
[2021.11.18-16.47.32:230][  0]LogConfig: Setting CVar [[r.RenderTargetPoolMin:400]]
[2021.11.18-16.47.32:230][  0]LogConfig: Setting CVar [[r.LensFlareQuality:2]]
[2021.11.18-16.47.32:230][  0]LogConfig: Setting CVar [[r.SceneColorFringeQuality:1]]
[2021.11.18-16.47.32:230][  0]LogConfig: Setting CVar [[r.EyeAdaptationQuality:2]]
[2021.11.18-16.47.32:230][  0]LogConfig: Setting CVar [[r.BloomQuality:5]]
[2021.11.18-16.47.32:230][  0]LogConfig: Setting CVar [[r.FastBlurThreshold:100]]
[2021.11.18-16.47.32:230][  0]LogConfig: Setting CVar [[r.Upscale.Quality:3]]
[2021.11.18-16.47.32:230][  0]LogConfig: Setting CVar [[r.Tonemapper.GrainQuantization:1]]
[2021.11.18-16.47.32:230][  0]LogConfig: Setting CVar [[r.LightShaftQuality:1]]
[2021.11.18-16.47.32:230][  0]LogConfig: Setting CVar [[r.Filter.SizeScale:1]]
[2021.11.18-16.47.32:230][  0]LogConfig: Setting CVar [[r.Tonemapper.Quality:5]]
[2021.11.18-16.47.32:230][  0]LogConfig: Setting CVar [[r.DOF.Gather.AccumulatorQuality:1        ; higher gathering accumulator quality]]
[2021.11.18-16.47.32:230][  0]LogConfig: Setting CVar [[r.DOF.Gather.PostfilterMethod:1          ; Median3x3 postfilering method]]
[2021.11.18-16.47.32:230][  0]LogConfig: Setting CVar [[r.DOF.Gather.EnableBokehSettings:0       ; no bokeh simulation when gathering]]
[2021.11.18-16.47.32:230][  0]LogConfig: Setting CVar [[r.DOF.Gather.RingCount:4                 ; medium number of samples when gathering]]
[2021.11.18-16.47.32:230][  0]LogConfig: Setting CVar [[r.DOF.Scatter.ForegroundCompositing:1    ; additive foreground scattering]]
[2021.11.18-16.47.32:230][  0]LogConfig: Setting CVar [[r.DOF.Scatter.BackgroundCompositing:2    ; additive background scattering]]
[2021.11.18-16.47.32:230][  0]LogConfig: Setting CVar [[r.DOF.Scatter.EnableBokehSettings:1      ; bokeh simulation when scattering]]
[2021.11.18-16.47.32:230][  0]LogConfig: Setting CVar [[r.DOF.Scatter.MaxSpriteRatio:0.1         ; only a maximum of 10% of scattered bokeh]]
[2021.11.18-16.47.32:230][  0]LogConfig: Setting CVar [[r.DOF.Recombine.Quality:1                ; cheap slight out of focus]]
[2021.11.18-16.47.32:230][  0]LogConfig: Setting CVar [[r.DOF.Recombine.EnableBokehSettings:0    ; no bokeh simulation on slight out of focus]]
[2021.11.18-16.47.32:230][  0]LogConfig: Setting CVar [[r.DOF.TemporalAAQuality:1                ; more stable temporal accumulation]]
[2021.11.18-16.47.32:230][  0]LogConfig: Setting CVar [[r.DOF.Kernel.MaxForegroundRadius:0.025]]
[2021.11.18-16.47.32:230][  0]LogConfig: Setting CVar [[r.DOF.Kernel.MaxBackgroundRadius:0.025]]
[2021.11.18-16.47.32:230][  0]LogConfig: Applying CVar settings from Section [TextureQuality@3] File [D:/College/PrototypeStudio_Unreal/Saved/Config/Windows/Scalability.ini]
[2021.11.18-16.47.32:230][  0]LogConfig: Setting CVar [[r.Streaming.MipBias:0]]
[2021.11.18-16.47.32:230][  0]LogConfig: Setting CVar [[r.Streaming.AmortizeCPUToGPUCopy:0]]
[2021.11.18-16.47.32:230][  0]LogConfig: Setting CVar [[r.Streaming.MaxNumTexturesToStreamPerFrame:0]]
[2021.11.18-16.47.32:230][  0]LogConfig: Setting CVar [[r.Streaming.Boost:1]]
[2021.11.18-16.47.32:230][  0]LogConfig: Setting CVar [[r.MaxAnisotropy:8]]
[2021.11.18-16.47.32:230][  0]LogConfig: Setting CVar [[r.VT.MaxAnisotropy:8]]
[2021.11.18-16.47.32:230][  0]LogConfig: Setting CVar [[r.Streaming.LimitPoolSizeToVRAM:0]]
[2021.11.18-16.47.32:230][  0]LogConfig: Setting CVar [[r.Streaming.PoolSize:1000]]
[2021.11.18-16.47.32:230][  0]LogConfig: Setting CVar [[r.Streaming.MaxEffectiveScreenSize:0]]
[2021.11.18-16.47.32:230][  0]LogConfig: Applying CVar settings from Section [EffectsQuality@3] File [D:/College/PrototypeStudio_Unreal/Saved/Config/Windows/Scalability.ini]
[2021.11.18-16.47.32:230][  0]LogConfig: Setting CVar [[r.TranslucencyLightingVolumeDim:64]]
[2021.11.18-16.47.32:230][  0]LogConfig: Setting CVar [[r.RefractionQuality:2]]
[2021.11.18-16.47.32:230][  0]LogConfig: Setting CVar [[r.SSR.Quality:3]]
[2021.11.18-16.47.32:230][  0]LogConfig: Setting CVar [[r.SSR.HalfResSceneColor:0]]
[2021.11.18-16.47.32:230][  0]LogConfig: Setting CVar [[r.SceneColorFormat:4]]
[2021.11.18-16.47.32:230][  0]LogConfig: Setting CVar [[r.DetailMode:2]]
[2021.11.18-16.47.32:230][  0]LogConfig: Setting CVar [[r.TranslucencyVolumeBlur:1]]
[2021.11.18-16.47.32:230][  0]LogConfig: Setting CVar [[r.MaterialQualityLevel:1 ; High quality]]
[2021.11.18-16.47.32:230][  0]LogConfig: Setting CVar [[r.AnisotropicMaterials:1]]
[2021.11.18-16.47.32:230][  0]LogConfig: Setting CVar [[r.SSS.Scale:1]]
[2021.11.18-16.47.32:230][  0]LogConfig: Setting CVar [[r.SSS.SampleSet:2]]
[2021.11.18-16.47.32:230][  0]LogConfig: Setting CVar [[r.SSS.Quality:1]]
[2021.11.18-16.47.32:230][  0]LogConfig: Setting CVar [[r.SSS.HalfRes:0]]
[2021.11.18-16.47.32:230][  0]LogConfig: Setting CVar [[r.SSGI.Quality:3]]
[2021.11.18-16.47.32:230][  0]LogConfig: Setting CVar [[r.EmitterSpawnRateScale:1.0]]
[2021.11.18-16.47.32:230][  0]LogConfig: Setting CVar [[r.ParticleLightQuality:2]]
[2021.11.18-16.47.32:230][  0]LogConfig: Setting CVar [[r.SkyAtmosphere.AerialPerspectiveLUT.FastApplyOnOpaque:1 ; Always have FastSkyLUT 1 in this case to avoid wrong sky]]
[2021.11.18-16.47.32:230][  0]LogConfig: Setting CVar [[r.SkyAtmosphere.AerialPerspectiveLUT.SampleCountMaxPerSlice:4]]
[2021.11.18-16.47.32:230][  0]LogConfig: Setting CVar [[r.SkyAtmosphere.AerialPerspectiveLUT.DepthResolution:16.0]]
[2021.11.18-16.47.32:230][  0]LogConfig: Setting CVar [[r.SkyAtmosphere.FastSkyLUT:1]]
[2021.11.18-16.47.32:230][  0]LogConfig: Setting CVar [[r.SkyAtmosphere.FastSkyLUT.SampleCountMin:4.0]]
[2021.11.18-16.47.32:230][  0]LogConfig: Setting CVar [[r.SkyAtmosphere.FastSkyLUT.SampleCountMax:128.0]]
[2021.11.18-16.47.32:230][  0]LogConfig: Setting CVar [[r.SkyAtmosphere.SampleCountMin:4.0]]
[2021.11.18-16.47.32:230][  0]LogConfig: Setting CVar [[r.SkyAtmosphere.SampleCountMax:128.0]]
[2021.11.18-16.47.32:231][  0]LogConfig: Setting CVar [[r.SkyAtmosphere.TransmittanceLUT.UseSmallFormat:0]]
[2021.11.18-16.47.32:231][  0]LogConfig: Setting CVar [[r.SkyAtmosphere.TransmittanceLUT.SampleCount:10.0]]
[2021.11.18-16.47.32:231][  0]LogConfig: Setting CVar [[r.SkyAtmosphere.MultiScatteringLUT.SampleCount:15.0]]
[2021.11.18-16.47.32:231][  0]LogConfig: Setting CVar [[r.SkyLight.RealTimeReflectionCapture:1]]
[2021.11.18-16.47.32:231][  0]LogConfig: Applying CVar settings from Section [FoliageQuality@3] File [D:/College/PrototypeStudio_Unreal/Saved/Config/Windows/Scalability.ini]
[2021.11.18-16.47.32:231][  0]LogConfig: Setting CVar [[foliage.DensityScale:1.0]]
[2021.11.18-16.47.32:231][  0]LogConfig: Setting CVar [[grass.DensityScale:1.0]]
[2021.11.18-16.47.32:231][  0]LogConfig: Applying CVar settings from Section [ShadingQuality@3] File [D:/College/PrototypeStudio_Unreal/Saved/Config/Windows/Scalability.ini]
[2021.11.18-16.47.32:231][  0]LogConfig: Setting CVar [[r.HairStrands.SkyLighting.IntegrationType:2]]
[2021.11.18-16.47.32:231][  0]LogConfig: Setting CVar [[r.HairStrands.SkyAO.SampleCount:4]]
[2021.11.18-16.47.32:231][  0]LogConfig: Setting CVar [[r.HairStrands.Visibility.MSAA.SamplePerPixel:4]]
[2021.11.18-16.47.32:231][  0]LogConfig: Applying CVar settings from Section [Startup] File [../../../Engine/Config/ConsoleVariables.ini]
[2021.11.18-16.47.32:244][  0]LogConfig: Setting CVar [[net.UseAdaptiveNetUpdateFrequency:0]]
[2021.11.18-16.47.32:244][  0]LogConfig: Setting CVar [[p.chaos.AllowCreatePhysxBodies:1]]
[2021.11.18-16.47.32:244][  0]LogConfig: Setting CVar [[fx.SkipVectorVMBackendOptimizations:1]]
[2021.11.18-16.47.32:244][  0]LogConfig: Applying CVar settings from Section [ConsoleVariables] File [D:/College/PrototypeStudio_Unreal/Saved/Config/Windows/Engine.ini]
[2021.11.18-16.47.32:244][  0]LogConfig: Applying CVar settings from Section [ConsoleVariables] File [D:/College/PrototypeStudio_Unreal/Saved/Config/Windows/Editor.ini]
[2021.11.18-16.47.32:244][  0]LogInit: Computer: DESKTOP-93DSJDF
[2021.11.18-16.47.32:244][  0]LogInit: User: Abigail
[2021.11.18-16.47.32:244][  0]LogInit: CPU Page size=4096, Cores=4
[2021.11.18-16.47.32:244][  0]LogInit: High frequency timer resolution =10.000000 MHz
[2021.11.18-16.47.32:244][  0]LogMemory: Memory total: Physical=15.9GB (16GB approx)
[2021.11.18-16.47.32:244][  0]LogMemory: Platform Memory Stats for Windows
[2021.11.18-16.47.32:244][  0]LogMemory: Process Physical Memory: 143.97 MB used, 143.98 MB peak
[2021.11.18-16.47.32:244][  0]LogMemory: Process Virtual Memory: 128.79 MB used, 128.79 MB peak
[2021.11.18-16.47.32:244][  0]LogMemory: Physical Memory: 6556.73 MB used,  9760.09 MB free, 16316.81 MB total
[2021.11.18-16.47.32:244][  0]LogMemory: Virtual Memory: 134209888.00 MB used,  7842.53 MB free, 134217728.00 MB total
[2021.11.18-16.47.32:252][  0]LogWindows: WindowsPlatformFeatures enabled
[2021.11.18-16.47.32:939][  0]LogInit: Physics initialised using underlying interface: PhysX
[2021.11.18-16.47.32:950][  0]LogInit: Using OS detected language (en-US).
[2021.11.18-16.47.32:950][  0]LogInit: Using OS detected locale (en-US).
[2021.11.18-16.47.33:015][  0]LogTextLocalizationManager: No specific localization for 'en-US' exists, so the 'en' localization will be used.
[2021.11.18-16.47.33:725][  0]LogInit: Setting process to per monitor DPI aware
[2021.11.18-16.47.33:933][  0]LogWindowsTextInputMethodSystem: Display: IME system deactivated.
[2021.11.18-16.47.34:255][  0]LogSlate: New Slate User Created.  User Index 0, Is Virtual User: 0
[2021.11.18-16.47.34:255][  0]LogSlate: Slate User Registered.  User Index 0, Is Virtual User: 0
[2021.11.18-16.47.37:541][  0]LogD3D11RHI: Loaded GFSDK_Aftermath_Lib.x64.dll
[2021.11.18-16.47.37:545][  0]LogHMD: Failed to initialize OpenVR with code 110
[2021.11.18-16.47.37:545][  0]LogD3D11RHI: D3D11 min allowed feature level: 11_0
[2021.11.18-16.47.37:545][  0]LogD3D11RHI: D3D11 max allowed feature level: 11_0
[2021.11.18-16.47.37:545][  0]LogD3D11RHI: D3D11 adapters:
[2021.11.18-16.47.37:665][  0]LogD3D11RHI:    0. 'NVIDIA GeForce GTX 970' (Feature Level 11_0)
[2021.11.18-16.47.37:665][  0]LogD3D11RHI:       4043/0/8158 MB DedicatedVideo/DedicatedSystem/SharedSystem, Outputs:2, VendorId:0x10de
[2021.11.18-16.47.37:668][  0]LogD3D11RHI:    1. 'Microsoft Basic Render Driver' (Feature Level 11_0)
[2021.11.18-16.47.37:668][  0]LogD3D11RHI:       0/0/8158 MB DedicatedVideo/DedicatedSystem/SharedSystem, Outputs:0, VendorId:0x1414
[2021.11.18-16.47.37:771][  0]LogD3D11RHI:    2. 'NVIDIA GeForce GTX 970' (Feature Level 11_0)
[2021.11.18-16.47.37:771][  0]LogD3D11RHI:       4043/0/8158 MB DedicatedVideo/DedicatedSystem/SharedSystem, Outputs:0, VendorId:0x10de
[2021.11.18-16.47.37:872][  0]LogD3D11RHI:    3. 'NVIDIA GeForce GTX 970' (Feature Level 11_0)
[2021.11.18-16.47.37:872][  0]LogD3D11RHI:       4043/0/8158 MB DedicatedVideo/DedicatedSystem/SharedSystem, Outputs:0, VendorId:0x10de
[2021.11.18-16.47.37:872][  0]LogD3D11RHI: Chosen D3D11 Adapter: 0
[2021.11.18-16.47.37:894][  0]LogD3D11RHI: Creating new Direct3DDevice
[2021.11.18-16.47.37:894][  0]LogD3D11RHI:     GPU DeviceId: 0x13c2 (for the marketing name, search the web for "GPU Device Id")
[2021.11.18-16.47.37:894][  0]LogWindows: EnumDisplayDevices:
[2021.11.18-16.47.37:894][  0]LogWindows:    0. 'NVIDIA GeForce GTX 970' (P:0 D:0)
[2021.11.18-16.47.37:895][  0]LogWindows:    1. 'NVIDIA GeForce GTX 970' (P:0 D:0)
[2021.11.18-16.47.37:895][  0]LogWindows:    2. 'NVIDIA GeForce GTX 970' (P:0 D:0)
[2021.11.18-16.47.37:895][  0]LogWindows:    3. 'NVIDIA GeForce GTX 970' (P:0 D:0)
[2021.11.18-16.47.37:895][  0]LogWindows:    4. 'DisplayLink USB Device' (P:0 D:1)
[2021.11.18-16.47.37:896][  0]LogWindows:    5. 'DisplayLink USB Device' (P:0 D:0)
[2021.11.18-16.47.37:896][  0]LogWindows:    6. 'DisplayLink USB Device' (P:1 D:1)
[2021.11.18-16.47.37:896][  0]LogWindows: DebugString: GetVideoDriverDetailsInvalid PrimaryIsNotTheChoosenAdapter GetVideoDriverDetailsInvalid PrimaryIsNotTheChoosenAdapter GetVideoDriverDetailsInvalid PrimaryIsNotTheChoosenAdapter FoundDriverCount:4 
[2021.11.18-16.47.37:896][  0]LogD3D11RHI:     Adapter Name: NVIDIA GeForce GTX 970
[2021.11.18-16.47.37:896][  0]LogD3D11RHI:   Driver Version: 471.11 (internal:30.0.14.7111, unified:471.11)
[2021.11.18-16.47.37:896][  0]LogD3D11RHI:      Driver Date: 6-21-2021
[2021.11.18-16.47.37:896][  0]LogRHI: Texture pool is 2830 MB (70% of 4043 MB)
[2021.11.18-16.47.37:986][  0]LogD3D11RHI: RHI has support for 64 bit atomics
[2021.11.18-16.47.37:987][  0]LogD3D11RHI: Async texture creation enabled
[2021.11.18-16.47.37:987][  0]LogD3D11RHI: Array index from any shader is supported
[2021.11.18-16.47.38:027][  0]LogD3D11RHI: GPU Timing Frequency: 1000.000000 (Debug: 2 1)
[2021.11.18-16.47.38:289][  0]LogRHI: GeForceNow SDK initialized: 1
[2021.11.18-16.47.39:299][  0]LogTargetPlatformManager: Display: Loaded TargetPlatform 'AllDesktop'
[2021.11.18-16.47.39:320][  0]LogTargetPlatformManager: Display: Loaded TargetPlatform 'Android'
[2021.11.18-16.47.39:320][  0]LogTargetPlatformManager: Display: Loaded TargetPlatform 'Android_ASTC'
[2021.11.18-16.47.39:320][  0]LogTargetPlatformManager: Display: Loaded TargetPlatform 'Android_DXT'
[2021.11.18-16.47.39:320][  0]LogTargetPlatformManager: Display: Loaded TargetPlatform 'Android_ETC2'
[2021.11.18-16.47.39:321][  0]LogTargetPlatformManager: Display: Loaded TargetPlatform 'AndroidClient'
[2021.11.18-16.47.39:321][  0]LogTargetPlatformManager: Display: Loaded TargetPlatform 'Android_ASTCClient'
[2021.11.18-16.47.39:321][  0]LogTargetPlatformManager: Display: Loaded TargetPlatform 'Android_DXTClient'
[2021.11.18-16.47.39:321][  0]LogTargetPlatformManager: Display: Loaded TargetPlatform 'Android_ETC2Client'
[2021.11.18-16.47.39:321][  0]LogTargetPlatformManager: Display: Loaded TargetPlatform 'Android_Multi'
[2021.11.18-16.47.39:321][  0]LogTargetPlatformManager: Display: Loaded TargetPlatform 'Android_MultiClient'
[2021.11.18-16.47.39:443][  0]LogTargetPlatformManager: Display: Loaded TargetPlatform 'IOSClient'
[2021.11.18-16.47.39:443][  0]LogTargetPlatformManager: Display: Loaded TargetPlatform 'IOS'
[2021.11.18-16.47.39:506][  0]LogTargetPlatformManager: Display: Loaded TargetPlatform 'Linux'
[2021.11.18-16.47.39:550][  0]LogTargetPlatformManager: Display: Loaded TargetPlatform 'LinuxNoEditor'
[2021.11.18-16.47.39:568][  0]LogTargetPlatformManager: Display: Loaded TargetPlatform 'LinuxClient'
[2021.11.18-16.47.39:600][  0]LogTargetPlatformManager: Display: Loaded TargetPlatform 'LinuxServer'
[2021.11.18-16.47.39:646][  0]LogTargetPlatformManager: Display: Loaded TargetPlatform 'LinuxAArch64NoEditor'
[2021.11.18-16.47.39:665][  0]LogTargetPlatformManager: Display: Loaded TargetPlatform 'LinuxAArch64Client'
[2021.11.18-16.47.39:688][  0]LogTargetPlatformManager: Display: Loaded TargetPlatform 'LinuxAArch64Server'
[2021.11.18-16.47.39:742][  0]LogTargetPlatformManager: Display: Loaded TargetPlatform 'Lumin'
[2021.11.18-16.47.39:742][  0]LogTargetPlatformManager: Display: Loaded TargetPlatform 'LuminClient'
[2021.11.18-16.47.39:789][  0]LogTargetPlatformManager: Display: Loaded TargetPlatform 'MacNoEditor'
[2021.11.18-16.47.39:808][  0]LogTargetPlatformManager: Display: Loaded TargetPlatform 'Mac'
[2021.11.18-16.47.39:837][  0]LogTargetPlatformManager: Display: Loaded TargetPlatform 'MacClient'
[2021.11.18-16.47.39:855][  0]LogTargetPlatformManager: Display: Loaded TargetPlatform 'MacServer'
[2021.11.18-16.47.39:897][  0]LogTargetPlatformManager: Display: Loaded TargetPlatform 'TVOSClient'
[2021.11.18-16.47.39:897][  0]LogTargetPlatformManager: Display: Loaded TargetPlatform 'TVOS'
[2021.11.18-16.47.39:932][  0]LogTargetPlatformManager: Display: Loaded TargetPlatform 'WindowsNoEditor'
[2021.11.18-16.47.39:969][  0]LogTargetPlatformManager: Display: Loaded TargetPlatform 'Windows'
[2021.11.18-16.47.39:997][  0]LogTargetPlatformManager: Display: Loaded TargetPlatform 'WindowsClient'
[2021.11.18-16.47.40:020][  0]LogTargetPlatformManager: Display: Loaded TargetPlatform 'WindowsServer'
[2021.11.18-16.47.40:020][  0]LogTargetPlatformManager: Display: Building Assets For Windows
[2021.11.18-16.47.40:152][  0]LogAudioDebug: Display: Lib vorbis DLL was dynamically loaded.
[2021.11.18-16.47.40:492][  0]LogTextureFormatOodle: Display: Oodle Texture 2.9.0 init RDO Off
[2021.11.18-16.47.41:106][  0]LogRendererCore: Ray tracing is disabled. Reason: r.RayTracing=0.
[2021.11.18-16.47.41:107][  0]LogShaderCompilers: Guid format shader working directory is 2 characters bigger than the processId version (../../../../../College/PrototypeStudio_Unreal/Intermediate/Shaders/WorkingDirectory/90220/).
[2021.11.18-16.47.41:107][  0]LogShaderCompilers: Cleaned the shader compiler working directory 'C:/Users/Abigail/AppData/Local/Temp/UnrealShaderWorkingDir/C5A0ACCE41AEBC25BAED77B85D950D50/'.
[2021.11.18-16.47.41:107][  0]LogXGEController: Cannot use XGE Controller as Incredibuild is not installed on this machine.
[2021.11.18-16.47.41:107][  0]LogShaderCompilers: Cannot use XGE Shader Compiler as Incredibuild is not installed on this machine.
[2021.11.18-16.47.41:107][  0]LogShaderCompilers: Display: Using Local Shader Compiler.
[2021.11.18-16.47.45:484][  0]LogDerivedDataCache: Display: Max Cache Size: 512 MB
[2021.11.18-16.47.45:727][  0]LogDerivedDataCache: Loaded boot cache 0.24s 95MB C:/Users/Abigail/AppData/Local/UnrealEngine/4.27/DerivedDataCache/Boot.ddc.
[2021.11.18-16.47.45:727][  0]LogDerivedDataCache: Display: Loaded Boot cache: C:/Users/Abigail/AppData/Local/UnrealEngine/4.27/DerivedDataCache/Boot.ddc
[2021.11.18-16.47.45:727][  0]LogDerivedDataCache: FDerivedDataBackendGraph:  Pak pak cache file ../../../../../College/PrototypeStudio_Unreal/DerivedDataCache/DDC.ddp not found, will not use a pak cache.
[2021.11.18-16.47.45:727][  0]LogDerivedDataCache: Unable to find inner node Pak for hierarchical cache Hierarchy.
[2021.11.18-16.47.45:727][  0]LogDerivedDataCache: FDerivedDataBackendGraph:  CompressedPak pak cache file ../../../../../College/PrototypeStudio_Unreal/DerivedDataCache/Compressed.ddp not found, will not use a pak cache.
[2021.11.18-16.47.45:727][  0]LogDerivedDataCache: Unable to find inner node CompressedPak for hierarchical cache Hierarchy.
[2021.11.18-16.47.45:774][  0]LogDerivedDataCache: Display: Pak cache opened for reading ../../../Engine/DerivedDataCache/Compressed.ddp.
[2021.11.18-16.47.45:775][  0]LogDerivedDataCache: FDerivedDataBackendGraph:  EnterprisePak pak cache file ../../../Enterprise/DerivedDataCache/Compressed.ddp not found, will not use a pak cache.
[2021.11.18-16.47.45:775][  0]LogDerivedDataCache: Unable to find inner node EnterprisePak for hierarchical cache Hierarchy.
[2021.11.18-16.47.45:833][  0]LogDerivedDataCache: Speed tests for C:/Users/Abigail/AppData/Local/UnrealEngine/Common/DerivedDataCache took 0.06 seconds
[2021.11.18-16.47.45:833][  0]LogDerivedDataCache: Display: Performance to C:/Users/Abigail/AppData/Local/UnrealEngine/Common/DerivedDataCache: Latency=0.36ms. RandomReadSpeed=19.08MBs, RandomWriteSpeed=192.53MBs. Assigned SpeedClass 'Local'
[2021.11.18-16.47.45:835][  0]LogDerivedDataCache: Using Local data cache path C:/Users/Abigail/AppData/Local/UnrealEngine/Common/DerivedDataCache: Writable
[2021.11.18-16.47.45:836][  0]LogDerivedDataCache: Shared data cache path not found in *engine.ini, will not use an Shared cache.
[2021.11.18-16.47.45:836][  0]LogDerivedDataCache: Unable to find inner node Shared for hierarchical cache Hierarchy.
[2021.11.18-16.47.45:883][  0]LogSlate: Using FreeType 2.10.0
[2021.11.18-16.47.45:954][  0]LogSlate: SlateFontServices - WITH_FREETYPE: 1, WITH_HARFBUZZ: 1
[2021.11.18-16.47.46:474][  0]LogAssetRegistry: FAssetRegistry took 0.0027 seconds to start up
[2021.11.18-16.47.46:781][  0]LogInit: Selected Device Profile: [Windows]
[2021.11.18-16.47.46:782][  0]LogInit: Active device profile: [000002129ABA7000][000002129A02B780 49] Windows
[2021.11.18-16.47.46:782][  0]LogInit: Profiles: [000002129ABA7000][000002129A02B780 49] Windows, [000002129AB65200][000002129A033900 49] WindowsNoEditor, [000002129ABA5200][000002129A037A80 49] WindowsServer, [000002129AB66600][000002129A03BC00 49] WindowsClient, [000002129ABA6500][000002129A03E200 49] IOS, [000002129AB67700][000002129A042380 49] iPadAir, [000002129ABA7B00][000002129A046500 49] iPadAir2, [000002129AB1B300][000002129A04E7C0 49] IPadPro, [000002129AB1B400][000002129A04A800 49] iPadAir3, [000002129ABA4700][000002129A02E940 49] iPadAir4, [000002129AB1BB00][000002129A052A80 49] iPadMini2, [000002129ABA5A00][000002129A056BC0 49] iPadMini3, [000002129AB18E00][000002129A05AD00 49] iPadMini4, [000002129ABA6000][000002129A062E80 49] iPadMini5, [000002129AB62600][000002129A06B140 49] iPhone6, [000002129AB62700][000002129A067180 49] iPodTouch6, [000002129AB1AB00][000002129B195440 49] iPhone7, [000002129AB19E00][000002129B191480 49] iPodTouch7, [000002129AB61600][000002129B199600 49] iPhone5S, [000002129AB19C00][000002129B19D780 49] iPhone6Plus, [000002129AB60E00][000002129B1A1900 49] iPhone6S, [000002129AB19500][000002129B1A5A80 49] iPhone6SPlus, [000002129AB63A00][000002129B1A9C00 49] iPhone7Plus, [000002129AB1BD00][000002129B1AC200 49] iPhoneSE, [000002129AB60200][000002129B1B0380 49] iPhone8, [000002129AB1B700][000002129B1B4500 49] iPhone8Plus, [000002129AB60100][000002129B1B8680 49] iPhoneX, [000002129AB18700][000002129B1BC800 49] iPhoneXS, [000002129AB60C00][000002129B1C0980 49] iPhoneXSMax, [000002129AB19800][000002129B1C4B00 49] iPhoneXR, [000002129AB62000][000002129A05EC40 49] iPhone11, [000002129AB1A300][000002129B1C8D80 49] iPhone11Pro, [000002129AB61A00][000002129B1CCEC0 49] iPhone11ProMax, [000002129AB1B200][000002129B1D5040 49] iPhoneSE2, [000002129AB62400][000002129B1D91C0 49] iPhone12Mini, [000002129AB1A100][000002129B1DD340 49] iPhone12, [000002129AB62A00][000002129B1E14C0 49] iPhone12Pro, [000002129AB1AD00][000002129B369640 49] iPhone12ProMax, [000002129AB63100][000002129B36D7C0 49] iPadPro105, [000002129AB1BF00][000002129B371940 49] iPadPro129, [000002129AB60300][000002129B375AC0 49] iPadPro97, [000002129AB19F00][000002129B3780C0 49] iPadPro2_129, [000002129AB61F00][000002129B37C240 49] iPad5, [000002129AB1B600][000002129B3803C0 49] iPad6, [000002129AB60400][000002129B384540 49] iPad7, [000002129AB1B100][000002129B3886C0 49] iPad8, [000002129AB62900][000002129B38C840 49] iPadPro11, [000002129AB19100][000002129B3909C0 49] iPadPro2_11, [000002129AB62F00][000002129B394B40 49] iPadPro3_129, [000002129AB1AF00][000002129B398CC0 49] iPadPro4_129, [000002129AB61400][000002129B1D0E00 49] AppleTV, [000002129AB18B00][000002129B39CF40 49] AppleTV4K, [000002129AB60500][000002129B3A1080 49] TVOS, [000002129AB18300][000002129B3A51C0 49] Mac, [000002129AB66F00][000002129B3AD340 49] MacClient, [000002129ABF4A00][000002129B3B14C0 49] MacNoEditor, [000002129AB66C00][000002129B3B5640 49] MacServer, [000002129ABF5900][000002129B3B97C0 49] Linux, [000002129AB64700][000002129B3BD940 49] LinuxAArch64, [000002129ABF4F00][000002129B3C1AC0 49] LinuxNoEditor, [000002129AB67400][000002129B3C40C0 49] LinuxAArch64NoEditor, [000002129ABF4200][000002129B3C8240 49] LinuxClient, [000002129AB66500][000002129B3CC3C0 49] LinuxAArch64Client, [000002129ABF5B00][000002129B3D0540 49] LinuxServer, [000002129AB67D00][000002129B3D46C0 49] LinuxAArch64Server, [000002129ABF5A00][000002129B3D8840 49] Android, [000002129AB66200][000002129B3DC9C0 49] Android_Low, [000002129ABF5800][000002129B3E0B40 49] Android_Mid, [000002129AB64300][000002129B3E4CC0 49] Android_High, [000002129ABF4C00][000002129B3E8E40 49] Android_Default, [000002129AB64E00][000002129B3A8F80 49] Android_Adreno4xx, [000002129ABF4400][000002129B3ED0C0 49] Android_Adreno5xx_Low, [000002129AB18600][000002129B3F1200 49] Android_Adreno5xx, [000002129AB61500][000002129B3F5340 49] Android_Adreno6xx, [000002129AB19700][000002129B3FD4C0 49] Android_Adreno6xx_Vulkan, [000002129AB60B00][000002129B401640 49] Android_Mali_T6xx, [000002129AB19B00][000002129B4057C0 49] Android_Mali_T7xx, [000002129AB61C00][000002129B409940 49] Android_Mali_T8xx, [000002129AB19A00][000002129B40DAC0 49] Android_Mali_G71, [000002129AB61200][000002129B4100C0 49] Android_Mali_G72, [000002129AB19200][000002129B414240 49] Android_Mali_G72_Vulkan, [000002129AB63700][000002129B4183C0 49] Android_Mali_G76, [000002129ABF4700][000002129B41C540 49] Android_Mali_G76_Vulkan, [000002129AB61000][000002129B4206C0 49] Android_Mali_G77, [000002129ABF5700][000002129B424840 49] Android_Mali_G77_Vulkan, [000002129AB62300][000002129B4289C0 49] Android_Mali_G78, [000002129ABF6400][000002129B42CB40 49] Android_Mali_G78_Vulkan, [000002129AB61100][000002129B430CC0 49] Android_Mali_G710, [000002129ABF5E00][000002129B434E40 49] Android_Mali_G710_Vulkan, [000002129AB61300][000002129B438FC0 49] Android_Vulkan_SM5, [000002129ABF5500][000002129B43D140 49] Android_PowerVR_G6xxx, [000002129AB61E00][000002129B3F9280 49] Android_PowerVR_GT7xxx, [000002129ABF5D00][000002129B4413C0 49] Android_PowerVR_GE8xxx, [000002129AB60A00][000002129B445500 49] Android_PowerVR_GM9xxx, [000002129ABF6100][000002129B44D680 49] Android_PowerVR_GM9xxx_Vulkan, [000002129AB62500][000002129B451800 49] Android_TegraK1, [000002129AB1A200][000002129B455980 49] Android_Unknown_Vulkan, [000002129AB62D00][000002129B459B00 49] Lumin, [000002129AB18C00][000002129B45C100 49] Lumin_Desktop, [000002129AB61B00][000002129B460280 49] HoloLens, 
[2021.11.18-16.47.50:955][  0]LogMeshReduction: Using QuadricMeshReduction for automatic static mesh reduction
[2021.11.18-16.47.50:956][  0]LogMeshReduction: Using SimplygonMeshReduction for automatic skeletal mesh reduction
[2021.11.18-16.47.50:956][  0]LogMeshReduction: Using ProxyLODMeshReduction for automatic mesh merging
[2021.11.18-16.47.50:956][  0]LogMeshReduction: No distributed automatic mesh merging module available
[2021.11.18-16.47.50:956][  0]LogMeshMerging: No distributed automatic mesh merging module available
[2021.11.18-16.47.51:215][  0]LogNetVersion: UnrealRepo 1.0.0, NetCL: 17155196, EngineNetVer: 17, GameNetVer: 0 (Checksum: 534937343)
[2021.11.18-16.48.03:658][  0]LogTexture: Default maximum texture size for cubemaps generated from long-lat sources has been changed from 512 to unlimited. In order to preserve old behaiour for '/Engine/MapTemplates/Sky/DaylightAmbientCubemap.DaylightAmbientCubemap', its maximum texture size has been explicitly set to 512.
[2021.11.18-16.48.03:800][  0]LogHMD: PokeAHoleMaterial loaded successfully
[2021.11.18-16.48.03:806][  0]LogUObjectArray: 17179 objects as part of root set at end of initial load.
[2021.11.18-16.48.03:807][  0]LogUObjectAllocator: 4302064 out of 0 bytes used by permanent object pool.
[2021.11.18-16.48.03:807][  0]LogUObjectArray: CloseDisregardForGC: 0/0 objects in disregard for GC pool
